[1378128028.312322738] BEHAVIOR_BUTTON BEHAVIOR_NAME=angry_1 PROMPT_ENABLED=TRUE
[1378128028.312839920] PROMPT_BUTTON BEHAVIOR_NAME=angry_1
[1378128038.668520498] CORRECT_BUTTON BEHAVIOR_NAME=angry_1
[1378128053.592244735] BEHAVIOR_BUTTON BEHAVIOR_NAME=happy_1 PROMPT_ENABLED=TRUE
[1378128053.594001238] PROMPT_BUTTON BEHAVIOR_NAME=happy_1
[1378128061.978069038] CORRECT_BUTTON BEHAVIOR_NAME=happy_1
[1378128079.325514126] BEHAVIOR_BUTTON BEHAVIOR_NAME=scared_1 PROMPT_ENABLED=TRUE
[1378128079.325990100] PROMPT_BUTTON BEHAVIOR_NAME=scared_1
[1378128103.501351217] PROMPT_BUTTON BEHAVIOR_NAME=scared_1
[1378128121.517470982] CORRECT_BUTTON BEHAVIOR_NAME=scared_1
[1378128139.867035324] BEHAVIOR_BUTTON BEHAVIOR_NAME=happy_1 PROMPT_ENABLED=TRUE
[1378128139.867674738] PROMPT_BUTTON BEHAVIOR_NAME=happy_1
[1378128265.149020840] BEHAVIOR_BUTTON BEHAVIOR_NAME=sad_1 PROMPT_ENABLED=TRUE
[1378128265.149502921] PROMPT_BUTTON BEHAVIOR_NAME=sad_1
[1378128271.512049776] CORRECT_BUTTON BEHAVIOR_NAME=sad_1
[1378128288.812621066] BEHAVIOR_BUTTON BEHAVIOR_NAME=scared_1 PROMPT_ENABLED=TRUE
[1378128288.813102848] PROMPT_BUTTON BEHAVIOR_NAME=scared_1
[1378128295.164943975] CORRECT_BUTTON BEHAVIOR_NAME=scared_1
[1378128314.012527737] BEHAVIOR_BUTTON BEHAVIOR_NAME=angry_1 PROMPT_ENABLED=TRUE
[1378128314.013051222] PROMPT_BUTTON BEHAVIOR_NAME=angry_1
[1378128326.372316260] CORRECT_BUTTON BEHAVIOR_NAME=angry_1
[1378128358.061384075] BEHAVIOR_BUTTON BEHAVIOR_NAME=scared_1 PROMPT_ENABLED=TRUE
[1378128358.061858622] PROMPT_BUTTON BEHAVIOR_NAME=scared_1
[1378128382.443807393] PROMPT_BUTTON BEHAVIOR_NAME=scared_1
[1378128406.515663422] PROMPT_BUTTON BEHAVIOR_NAME=scared_1
[1378128424.523864102] CORRECT_BUTTON BEHAVIOR_NAME=scared_1
[1378128443.494651986] BEHAVIOR_BUTTON BEHAVIOR_NAME=angry_1 PROMPT_ENABLED=TRUE
[1378128443.495307823] PROMPT_BUTTON BEHAVIOR_NAME=angry_1
[1378128455.001296317] CORRECT_BUTTON BEHAVIOR_NAME=angry_1
[1378128475.455547406] BEHAVIOR_BUTTON BEHAVIOR_NAME=sad_1 PROMPT_ENABLED=TRUE
[1378128475.456045825] PROMPT_BUTTON BEHAVIOR_NAME=sad_1
[1378128481.324001326] CORRECT_BUTTON BEHAVIOR_NAME=sad_1
[1378128494.207067152] BEHAVIOR_BUTTON BEHAVIOR_NAME=happy_1 PROMPT_ENABLED=TRUE
[1378128545.203030557] BEHAVIOR_BUTTON BEHAVIOR_NAME=happy_1 PROMPT_ENABLED=TRUE
[1378128545.205190653] PROMPT_BUTTON BEHAVIOR_NAME=happy_1
[1378128553.660916264] CORRECT_BUTTON BEHAVIOR_NAME=happy_1
[1378128577.689435302] BEHAVIOR_BUTTON BEHAVIOR_NAME=scared_1 PROMPT_ENABLED=TRUE
[1378128577.689953838] PROMPT_BUTTON BEHAVIOR_NAME=scared_1
[1378128595.425817436] INCORRECT_BUTTON BEHAVIOR_NAME=scared_1
[1378128614.259804769] BEHAVIOR_BUTTON BEHAVIOR_NAME=angry_1 PROMPT_ENABLED=TRUE
[1378128614.260553341] PROMPT_BUTTON BEHAVIOR_NAME=angry_1
[1378128620.596357825] CORRECT_BUTTON BEHAVIOR_NAME=angry_1
[1378128637.820687458] BEHAVIOR_BUTTON BEHAVIOR_NAME=scared_1 PROMPT_ENABLED=TRUE
[1378128637.823324321] PROMPT_BUTTON BEHAVIOR_NAME=scared_1
[1378128656.199687371] CORRECT_BUTTON BEHAVIOR_NAME=scared_1
[1378131108.253157545] BEHAVIOR_BUTTON BEHAVIOR_NAME=happy_1 PROMPT_ENABLED=TRUE
[1378131108.253672142] PROMPT_BUTTON BEHAVIOR_NAME=happy_1
[1378131116.619001691] CORRECT_BUTTON BEHAVIOR_NAME=happy_1
[1378131135.909841544] BEHAVIOR_BUTTON BEHAVIOR_NAME=angry_1 PROMPT_ENABLED=TRUE
[1378131135.910336238] PROMPT_BUTTON BEHAVIOR_NAME=angry_1
[1378131142.700177790] CORRECT_BUTTON BEHAVIOR_NAME=angry_1
[1378131162.953580277] BEHAVIOR_BUTTON BEHAVIOR_NAME=sad_1 PROMPT_ENABLED=TRUE
[1378131162.954096916] PROMPT_BUTTON BEHAVIOR_NAME=sad_1
[1378131169.743885349] CORRECT_BUTTON BEHAVIOR_NAME=sad_1
[1378131192.353333588] BEHAVIOR_BUTTON BEHAVIOR_NAME=angry_1 PROMPT_ENABLED=TRUE
[1378131192.353824622] PROMPT_BUTTON BEHAVIOR_NAME=angry_1
[1378131204.706201189] CORRECT_BUTTON BEHAVIOR_NAME=angry_1
[1378131260.474393208] BEHAVIOR_BUTTON BEHAVIOR_NAME=happy_1 PROMPT_ENABLED=TRUE
[1378131529.069297154] BEHAVIOR_BUTTON BEHAVIOR_NAME=angry_1 PROMPT_ENABLED=TRUE
[1378131529.069810527] PROMPT_BUTTON BEHAVIOR_NAME=angry_1
[1378131539.756246513] CORRECT_BUTTON BEHAVIOR_NAME=angry_1
[1378131560.108677422] BEHAVIOR_BUTTON BEHAVIOR_NAME=sad_1 PROMPT_ENABLED=TRUE
[1378131560.109275461] PROMPT_BUTTON BEHAVIOR_NAME=sad_1
[1378131570.459741338] CORRECT_BUTTON BEHAVIOR_NAME=sad_1
[1378131587.902285063] BEHAVIOR_BUTTON BEHAVIOR_NAME=scared_1 PROMPT_ENABLED=TRUE
[1378131587.903437388] PROMPT_BUTTON BEHAVIOR_NAME=scared_1
[1378131605.018206582] INCORRECT_BUTTON BEHAVIOR_NAME=scared_1
[1378131625.157527890] BEHAVIOR_BUTTON BEHAVIOR_NAME=sad_1 PROMPT_ENABLED=TRUE
[1378131625.158010729] PROMPT_BUTTON BEHAVIOR_NAME=sad_1
[1378131629.978780290] CORRECT_BUTTON BEHAVIOR_NAME=sad_1
