[1378208957.181632213] BEHAVIOR_BUTTON BEHAVIOR_NAME=happy_1 PROMPT_ENABLED=FALSE
[1378208967.150380289] PROMPT_BUTTON BEHAVIOR_NAME=happy_1
[1378208989.103198491] CORRECT_BUTTON BEHAVIOR_NAME=happy_1
[1378208995.114897973] BEHAVIOR_BUTTON BEHAVIOR_NAME=sad_1 PROMPT_ENABLED=FALSE
[1378209013.260176959] PROMPT_BUTTON BEHAVIOR_NAME=sad_1
[1378209032.037289906] CORRECT_BUTTON BEHAVIOR_NAME=sad_1
[1378209039.081818255] BEHAVIOR_BUTTON BEHAVIOR_NAME=sad_1 PROMPT_ENABLED=FALSE
[1378209053.387173066] PROMPT_BUTTON BEHAVIOR_NAME=sad_1
[1378209069.510833619] CORRECT_BUTTON BEHAVIOR_NAME=sad_1
[1378209075.268132383] BEHAVIOR_BUTTON BEHAVIOR_NAME=scared_1 PROMPT_ENABLED=FALSE
[1378209085.411831432] PROMPT_BUTTON BEHAVIOR_NAME=scared_1
[1378209101.718884894] CORRECT_BUTTON BEHAVIOR_NAME=scared_1
[1378209105.082311691] BEHAVIOR_BUTTON BEHAVIOR_NAME=scared_1 PROMPT_ENABLED=FALSE
[1378209115.700292118] PROMPT_BUTTON BEHAVIOR_NAME=scared_1
[1378209126.744486410] CORRECT_BUTTON BEHAVIOR_NAME=scared_1
[1378209141.488825215] BEHAVIOR_BUTTON BEHAVIOR_NAME=angry_1 PROMPT_ENABLED=FALSE
[1378209154.257736106] PROMPT_BUTTON BEHAVIOR_NAME=angry_1
[1378209166.514815529] CORRECT_BUTTON BEHAVIOR_NAME=angry_1
[1378209559.896653700] BEHAVIOR_BUTTON BEHAVIOR_NAME=happy_1 PROMPT_ENABLED=FALSE
[1378209567.879550349] PROMPT_BUTTON BEHAVIOR_NAME=happy_1
[1378209590.846559151] CORRECT_BUTTON BEHAVIOR_NAME=happy_1
[1378209597.211262074] BEHAVIOR_BUTTON BEHAVIOR_NAME=sad_1 PROMPT_ENABLED=FALSE
[1378209652.427593937] PROMPT_BUTTON BEHAVIOR_NAME=sad_1
[1378209662.503457870] CORRECT_BUTTON BEHAVIOR_NAME=sad_1
[1378209669.401114235] BEHAVIOR_BUTTON BEHAVIOR_NAME=sad_1 PROMPT_ENABLED=FALSE
[1378209682.951900126] PROMPT_BUTTON BEHAVIOR_NAME=sad_1
[1378209703.576660679] CORRECT_BUTTON BEHAVIOR_NAME=sad_1
[1378209720.698752834] BEHAVIOR_BUTTON BEHAVIOR_NAME=scared_1 PROMPT_ENABLED=FALSE
[1378209731.758894225] PROMPT_BUTTON BEHAVIOR_NAME=scared_1
[1378209738.825935929] CORRECT_BUTTON BEHAVIOR_NAME=scared_1
[1378209743.642747045] BEHAVIOR_BUTTON BEHAVIOR_NAME=scared_1 PROMPT_ENABLED=FALSE
[1378209753.022615978] PROMPT_BUTTON BEHAVIOR_NAME=scared_1
[1378209758.736302744] CORRECT_BUTTON BEHAVIOR_NAME=scared_1
[1378209772.036623940] BEHAVIOR_BUTTON BEHAVIOR_NAME=scared_1 PROMPT_ENABLED=FALSE
[1378209780.567206013] PROMPT_BUTTON BEHAVIOR_NAME=scared_1
[1378209787.579445463] CORRECT_BUTTON BEHAVIOR_NAME=scared_1
[1378209791.787623453] BEHAVIOR_BUTTON BEHAVIOR_NAME=scared_1 PROMPT_ENABLED=FALSE
[1378209801.606689925] PROMPT_BUTTON BEHAVIOR_NAME=scared_1
[1378209809.528972358] CORRECT_BUTTON BEHAVIOR_NAME=scared_1
[1378209813.570303481] BEHAVIOR_BUTTON BEHAVIOR_NAME=scared_1 PROMPT_ENABLED=FALSE
[1378209824.915401998] PROMPT_BUTTON BEHAVIOR_NAME=scared_1
[1378209829.759984514] CORRECT_BUTTON BEHAVIOR_NAME=scared_1
[1378209838.891677255] BEHAVIOR_BUTTON BEHAVIOR_NAME=angry_1 PROMPT_ENABLED=FALSE
[1378209849.294998519] PROMPT_BUTTON BEHAVIOR_NAME=angry_1
[1378209855.264408377] CORRECT_BUTTON BEHAVIOR_NAME=angry_1
