5 -7 83.2162
-1 -7 65.6415
5 -1 98.7698
-1 -1 95.8114
11 -7 97.0416
11 -1 98.7698
5 -13 65.5829
-1 -13 27.2115
11 -13 78.6467
-3 -7 54.2179
-3 -1 87.2291
-3 -13 27.2115
5 1 98.0082
-1 1 96.9244
11 1 98.0082
-3 1 87.9613
9 -7 96.1629
9 -1 98.7698
9 -13 75.2197
9 1 98.0082
5 -11 69.5958
-1 -11 28.5003
11 -11 82.8354
-3 -11 27.2115
9 -11 78.7639
3 -7 77.2701
3 -1 98.5062
3 -13 54.3058
3 1 98.0082
3 -11 65.6122
5 -5 96.3386
-1 -5 73.6965
11 -5 97.9496
-3 -5 65.6708
9 -5 97.9496
3 -5 88.43
15 -7 97.2466
15 -1 98.7698
15 -13 84.7393
15 1 98.0082
15 -11 92.9115
15 -5 98.0668
5 -15 54.2472
-1 -15 27.2115
11 -15 75.1904
-3 -15 27.2115
9 -15 69.5665
3 -15 28.6467
15 -15 81.9274
-5 -7 27.3286
-5 -1 72.4956
-5 -13 27.2115
-5 1 59.1095
-5 -11 27.2115
-5 -5 51.1716
-5 -15 27.2115
5 3 94.5811
-1 3 91.4763
11 3 94.5811
-3 3 70.2988
9 3 94.5811
3 3 94.5811
15 3 94.5811
-5 3 52.0797
7 -7 91.3884
7 -1 98.7698
7 -13 69.5958
7 1 98.0082
7 -11 75.2783
7 -5 97.2173
7 -15 65.5829
7 3 94.5811
5 -9 75.5126
-1 -9 54.2179
11 -9 92.4429
-3 -9 27.9438
9 -9 84.9736
3 -9 69.7422
15 -9 96.8366
-5 -9 27.2115
7 -9 80.1992
1 -7 70.5917
1 -1 97.8325
1 -13 28.6175
1 1 97.891
1 -11 54.3644
1 -5 81.488
1 -15 27.2115
1 3 94.5811
1 -9 65.6708
5 -3 98.3304
-1 -3 86.3796
11 -3 98.9162
-3 -3 76.0105
9 -3 98.9162
3 -3 97.481
15 -3 98.9162
-5 -3 65.6708
7 -3 98.9455
1 -3 95.2255
13 -7 97.686
13 -1 98.7698
13 -13 82.2203
13 1 98.0082
13 -11 87.7856
13 -5 98.0668
13 -15 78.4417
13 3 94.5811
13 -9 95.6649
13 -3 98.9162
