5 -7 99.4802
-1 -7 80.9276
5 -1 99.96
-1 -1 99.5602
11 -7 99.96
11 -1 99.96
5 -13 80.6877
-1 -13 24.95
11 -13 99.3203
-3 -7 73.9304
-3 -1 98.8005
-3 -13 24.95
5 1 99.8001
-1 1 99.3203
11 1 99.8001
-3 1 98.1607
9 -7 99.7201
9 -1 99.96
9 -13 98.2807
9 1 99.8001
5 -11 94.3223
-1 -11 54.2183
11 -11 99.4402
-3 -11 24.95
9 -11 99.3603
3 -7 98.5206
3 -1 99.92
3 -13 72.2911
3 1 99.8001
3 -11 80.6877
5 -5 99.6401
-1 -5 95.5618
11 -5 100.0
-3 -5 81.5274
9 -5 100.0
3 -5 99.5602
15 -7 99.92
15 -1 99.96
15 -13 99.6401
15 1 99.8001
15 -11 99.88
15 -5 100.0
5 -15 72.2911
-1 -15 24.95
11 -15 98.2807
-3 -15 24.95
9 -15 94.2423
3 -15 54.6182
15 -15 99.4402
-5 -7 49.2603
-5 -1 96.4414
-5 -13 24.95
-5 1 90.124
-5 -11 24.95
-5 -5 73.3707
-5 -15 24.95
5 3 99.4802
-1 3 99.2003
11 3 99.4802
-3 3 94.962
9 3 99.4802
3 3 99.4802
15 3 99.4802
-5 3 71.4914
7 -7 99.6401
7 -1 99.96
7 -13 94.2823
7 1 99.8001
7 -11 98.3607
7 -5 99.7201
7 -15 80.6877
7 3 99.4802
5 -9 98.4006
-1 -9 72.491
11 -9 99.6801
-3 -9 53.4986
9 -9 99.5602
3 -9 94.3623
15 -9 99.8401
-5 -9 24.95
7 -9 99.3603
1 -7 94.7221
1 -1 99.6401
1 -13 54.2583
1 1 99.8001
1 -11 72.2911
1 -5 98.9204
1 -15 24.95
1 3 99.4802
1 -9 80.7677
5 -3 99.88
-1 -3 99.1603
11 -3 100.0
-3 -3 96.3215
9 -3 100.0
3 -3 99.6401
15 -3 100.0
-5 -3 82.0872
7 -3 100.0
1 -3 99.5602
13 -7 99.92
13 -1 99.96
13 -13 99.4402
13 1 99.8001
13 -11 99.6401
13 -5 100.0
13 -15 99.2803
13 3 99.4802
13 -9 99.88
13 -3 100.0
