5 -7 99.6443
-1 -7 92.62
5 -1 99.9704
-1 -1 99.8518
11 -7 99.9704
11 -1 99.9704
5 -13 92.709
-1 -13 30.1126
11 -13 99.6443
-3 -7 73.2365
-3 -1 99.3183
-3 -13 30.1126
5 1 99.9704
-1 1 99.9111
11 1 99.9704
-3 1 99.3776
9 -7 99.9704
9 -1 99.9704
9 -13 98.9627
9 1 99.9704
5 -11 96.888
-1 -11 30.1126
11 -11 99.8814
-3 -11 30.1126
9 -11 99.6443
3 -7 98.9627
3 -1 99.9704
3 -13 73.4736
3 1 99.9704
3 -11 92.709
5 -5 99.9407
-1 -5 96.8287
11 -5 99.9704
-3 -5 92.4422
9 -5 99.9704
3 -5 99.7036
15 -7 99.9704
15 -1 99.9704
15 -13 99.9407
15 1 99.9704
15 -11 99.9704
15 -5 99.9704
5 -15 73.4736
-1 -15 30.1126
11 -15 98.9627
-3 -15 30.1126
9 -15 96.888
3 -15 30.1126
15 -15 99.8814
-5 -7 30.1126
-5 -1 96.7398
-5 -13 30.1126
-5 1 98.6663
-5 -11 30.1126
-5 -5 72.9401
-5 -15 30.1126
5 3 99.9704
-1 3 99.9407
11 3 99.9704
-3 3 98.9627
9 3 99.9704
3 3 99.9704
15 3 99.9704
-5 3 90.9306
7 -7 99.8814
7 -1 99.9704
7 -13 96.888
7 1 99.9704
7 -11 98.9627
7 -5 99.9704
7 -15 92.709
7 3 99.9704
5 -9 98.9627
-1 -9 73.4143
11 -9 99.9704
-3 -9 30.1126
9 -9 99.8814
3 -9 96.888
15 -9 99.9704
-5 -9 30.1126
7 -9 99.6443
1 -7 96.8583
1 -1 99.9704
1 -13 30.1126
1 1 99.9704
1 -11 73.444
1 -5 98.9923
1 -15 30.1126
1 3 99.9704
1 -9 92.709
5 -3 99.9704
-1 -3 99.0219
11 -3 99.9704
-3 -3 96.6212
9 -3 99.9704
3 -3 99.9704
15 -3 99.9704
-5 -3 91.9087
7 -3 99.9704
1 -3 99.9111
13 -7 99.9704
13 -1 99.9704
13 -13 99.8814
13 1 99.9704
13 -11 99.9704
13 -5 99.9704
13 -15 99.6443
13 3 99.9704
13 -9 99.9704
13 -3 99.9704
