5 -7 99.6065
-1 -7 92.6755
5 -1 99.9697
-1 -1 99.9092
11 -7 99.9697
11 -1 99.9697
5 -13 92.7663
-1 -13 30.0545
11 -13 99.6065
-3 -7 73.4262
-3 -1 99.2433
-3 -13 30.0545
5 1 99.9697
-1 1 99.9092
11 1 99.9697
-3 1 99.2131
9 -7 99.9697
9 -1 99.9697
9 -13 98.9709
9 1 99.9697
5 -11 96.8826
-1 -11 30.0545
11 -11 99.8789
-3 -11 30.0545
9 -11 99.6065
3 -7 98.9709
3 -1 99.9697
3 -13 73.6077
3 1 99.9697
3 -11 92.7663
5 -5 99.9697
-1 -5 96.701
11 -5 99.9697
-3 -5 92.4031
9 -5 99.9697
3 -5 99.7276
15 -7 99.9697
15 -1 99.9697
15 -13 99.9395
15 1 99.9697
15 -11 99.9697
15 -5 99.9697
5 -15 73.6077
-1 -15 30.0545
11 -15 98.9709
-3 -15 30.0545
9 -15 96.8523
3 -15 30.0545
15 -15 99.8789
-5 -7 30.0545
-5 -1 96.9128
-5 -13 30.0545
-5 1 98.6683
-5 -11 30.0545
-5 -5 73.063
-5 -15 30.0545
5 3 99.9697
-1 3 99.9092
11 3 99.9697
-3 3 98.6077
9 3 99.9697
3 3 99.9697
15 3 99.9697
-5 3 89.77
7 -7 99.9395
7 -1 99.9697
7 -13 96.8826
7 1 99.9697
7 -11 98.9709
7 -5 99.9697
7 -15 92.7663
7 3 99.9697
5 -9 98.9709
-1 -9 73.5472
11 -9 99.9395
-3 -9 30.0545
9 -9 99.8789
3 -9 96.8523
15 -9 99.9697
-5 -9 30.0545
7 -9 99.6065
1 -7 96.7918
1 -1 99.9697
1 -13 30.0545
1 1 99.9697
1 -11 73.6077
1 -5 99.0012
1 -15 30.0545
1 3 99.9697
1 -9 92.7663
5 -3 99.9697
-1 -3 98.9709
11 -3 99.9697
-3 -3 96.6102
9 -3 99.9697
3 -3 99.9697
15 -3 99.9697
-5 -3 91.7373
7 -3 99.9697
1 -3 99.9395
13 -7 99.9697
13 -1 99.9697
13 -13 99.8789
13 1 99.9697
13 -11 99.9395
13 -5 99.9697
13 -15 99.6065
13 3 99.9697
13 -9 99.9697
13 -3 99.9697
