5 -7 99.4072
-1 -7 80.7647
5 -1 100.0
-1 -1 99.3183
11 -7 100.0
11 -1 100.0
5 -13 80.7647
-1 -13 30.1126
11 -13 99.4072
-3 -7 82.6912
-3 -1 96.5027
-3 -13 30.1126
5 1 100.0
-1 1 99.7629
11 1 100.0
-3 1 99.3183
9 -7 99.9111
9 -1 100.0
9 -13 96.5619
9 1 100.0
5 -11 90.4861
-1 -11 56.4612
11 -11 99.7925
-3 -11 30.1126
9 -11 99.4072
3 -7 96.5323
3 -1 99.9407
3 -13 82.869
3 1 100.0
3 -11 80.7647
5 -5 99.7925
-1 -5 90.5157
11 -5 100.0
-3 -5 80.7647
9 -5 100.0
3 -5 99.4072
15 -7 100.0
15 -1 100.0
15 -13 99.9111
15 1 100.0
15 -11 100.0
15 -5 100.0
5 -15 82.869
-1 -15 30.1126
11 -15 96.5619
-3 -15 30.1126
9 -15 90.4861
3 -15 56.5797
15 -15 99.7925
-5 -7 54.0901
-5 -1 90.1897
-5 -13 30.1126
-5 1 96.147
-5 -11 30.1126
-5 -5 82.0095
-5 -15 30.1126
5 3 100.0
-1 3 99.8814
11 3 100.0
-3 3 99.7629
9 3 100.0
3 3 100.0
15 3 100.0
-5 3 98.7255
7 -7 99.7925
7 -1 100.0
7 -13 90.4861
7 1 100.0
7 -11 96.5619
7 -5 99.9111
7 -15 80.7647
7 3 100.0
5 -9 96.5619
-1 -9 82.8986
11 -9 99.9111
-3 -9 56.0462
9 -9 99.7925
3 -9 90.4861
15 -9 100.0
-5 -9 30.1126
7 -9 99.4072
1 -7 90.5157
1 -1 99.7629
1 -13 56.5205
1 1 99.9111
1 -11 82.8394
1 -5 96.5619
1 -15 30.1126
1 3 100.0
1 -9 80.7647
5 -3 99.9407
-1 -3 96.5619
11 -3 100.0
-3 -3 90.5453
9 -3 100.0
3 -3 99.7925
15 -3 100.0
-5 -3 80.7647
7 -3 100.0
1 -3 99.4369
13 -7 100.0
13 -1 100.0
13 -13 99.7925
13 1 100.0
13 -11 99.9111
13 -5 100.0
13 -15 99.4072
13 3 100.0
13 -9 100.0
13 -3 100.0
