[1374145839.809932248] BEHAVIOR_BUTTON BEHAVIOR_NAME=happy_1 PROMPT_ENABLED=FALSE
[1374145842.442022907] PROMPT_BUTTON BEHAVIOR_NAME=happy_1
[1374145859.562545093] CORRECT_BUTTON BEHAVIOR_NAME=happy_1
[1374145898.133619918] BEHAVIOR_BUTTON BEHAVIOR_NAME=sad_1 PROMPT_ENABLED=FALSE
[1374145901.253784754] PROMPT_BUTTON BEHAVIOR_NAME=sad_1
[1374145917.636815077] CORRECT_BUTTON BEHAVIOR_NAME=sad_1
[1374145919.108885416] BEHAVIOR_BUTTON BEHAVIOR_NAME=sad_1 PROMPT_ENABLED=FALSE
[1374145921.356962491] PROMPT_BUTTON BEHAVIOR_NAME=sad_1
[1374145935.701503179] CORRECT_BUTTON BEHAVIOR_NAME=sad_1
[1374145938.469544212] BEHAVIOR_BUTTON BEHAVIOR_NAME=scared_1 PROMPT_ENABLED=FALSE
[1374145942.157901984] PROMPT_BUTTON BEHAVIOR_NAME=scared_1
[1374145955.319213587] CORRECT_BUTTON BEHAVIOR_NAME=scared_1
[1374145956.326256515] BEHAVIOR_BUTTON BEHAVIOR_NAME=scared_1 PROMPT_ENABLED=FALSE
[1374145958.583006105] PROMPT_BUTTON BEHAVIOR_NAME=scared_1
[1374145974.407827471] CORRECT_BUTTON BEHAVIOR_NAME=scared_1
[1374145979.063254299] BEHAVIOR_BUTTON BEHAVIOR_NAME=angry_1 PROMPT_ENABLED=FALSE
[1374145981.639280926] PROMPT_BUTTON BEHAVIOR_NAME=angry_1
[1374145994.999669182] CORRECT_BUTTON BEHAVIOR_NAME=angry_1
[1374149338.998512052] BEHAVIOR_BUTTON BEHAVIOR_NAME=happy_1 PROMPT_ENABLED=FALSE
[1374149341.198386547] PROMPT_BUTTON BEHAVIOR_NAME=happy_1
[1374149350.742530218] CORRECT_BUTTON BEHAVIOR_NAME=happy_1
[1374149356.302494596] BEHAVIOR_BUTTON BEHAVIOR_NAME=sad_1 PROMPT_ENABLED=FALSE
[1374149359.422939100] PROMPT_BUTTON BEHAVIOR_NAME=sad_1
[1374149372.717648698] CORRECT_BUTTON BEHAVIOR_NAME=sad_1
[1374149376.949521132] BEHAVIOR_BUTTON BEHAVIOR_NAME=sad_1 PROMPT_ENABLED=FALSE
[1374149377.973745994] PROMPT_BUTTON BEHAVIOR_NAME=sad_1
[1374149387.557431920] CORRECT_BUTTON BEHAVIOR_NAME=sad_1
[1374149391.709244453] BEHAVIOR_BUTTON BEHAVIOR_NAME=scared_1 PROMPT_ENABLED=FALSE
[1374149394.341146887] PROMPT_BUTTON BEHAVIOR_NAME=scared_1
[1374149403.445778348] CORRECT_BUTTON BEHAVIOR_NAME=scared_1
[1374149407.740894028] BEHAVIOR_BUTTON BEHAVIOR_NAME=scared_1 PROMPT_ENABLED=FALSE
[1374149409.909001838] PROMPT_BUTTON BEHAVIOR_NAME=scared_1
[1374149418.029400416] CORRECT_BUTTON BEHAVIOR_NAME=scared_1
[1374149429.189551395] BEHAVIOR_BUTTON BEHAVIOR_NAME=angry_1 PROMPT_ENABLED=FALSE
[1374149431.332419536] PROMPT_BUTTON BEHAVIOR_NAME=angry_1
[1374149438.932363933] CORRECT_BUTTON BEHAVIOR_NAME=angry_1
