5 -7 99.9394
-1 -7 98.4844
5 -1 99.9697
-1 -1 99.9697
11 -7 99.9394
11 -1 99.9697
5 -13 98.545
-1 -13 30.1
11 -13 99.9394
-3 -7 87.7842
-3 -1 99.6363
-3 -13 30.1
5 1 99.9697
-1 1 99.8484
11 1 99.9697
-3 1 99.2422
9 -7 99.9394
9 -1 99.9697
9 -13 99.5453
9 1 99.9697
5 -11 99.4241
-1 -11 39.9515
11 -11 99.9394
-3 -11 30.1
9 -11 99.9394
3 -7 99.5453
3 -1 99.9697
3 -13 87.7842
3 1 99.9697
3 -11 98.545
5 -5 99.9394
-1 -5 99.515
11 -5 99.9394
-3 -5 98.3935
9 -5 99.9394
3 -5 99.9394
15 -7 99.9394
15 -1 99.9697
15 -13 99.9394
15 1 99.9697
15 -11 99.9394
15 -5 99.9394
5 -15 87.7842
-1 -15 30.1
11 -15 99.5453
-3 -15 30.1
9 -15 99.3938
3 -15 40.0424
15 -15 99.9394
-5 -7 39.7393
-5 -1 98.545
-5 -13 30.1
-5 1 96.3322
-5 -11 30.1
-5 -5 87.9054
-5 -15 30.1
5 3 99.9394
-1 3 99.9394
11 3 99.9394
-3 3 98.7572
9 3 99.9394
3 3 99.9394
15 3 99.9394
-5 3 77.4477
7 -7 99.9394
7 -1 99.9697
7 -13 99.3938
7 1 99.9697
7 -11 99.5453
7 -5 99.9394
7 -15 98.545
7 3 99.9394
5 -9 99.5453
-1 -9 87.7842
11 -9 99.9394
-3 -9 39.7999
9 -9 99.9394
3 -9 99.4544
15 -9 99.9394
-5 -9 30.1
7 -9 99.9394
1 -7 99.515
1 -1 99.9697
1 -13 40.0424
1 1 99.9697
1 -11 87.7842
1 -5 99.5453
1 -15 30.1
1 3 99.9394
1 -9 98.545
5 -3 99.9394
-1 -3 99.515
11 -3 99.9394
-3 -3 99.4847
9 -3 99.9394
3 -3 99.9394
15 -3 99.9394
-5 -3 98.2419
7 -3 99.9394
1 -3 99.9394
13 -7 99.9394
13 -1 99.9697
13 -13 99.9394
13 1 99.9697
13 -11 99.9394
13 -5 99.9394
13 -15 99.9394
13 3 99.9394
13 -9 99.9394
13 -3 99.9394
